\BOOKMARK [0][-]{part.1}{\376\377\000I\000\040\000A\000b\000k\000\374\000r\000z\000u\000n\000g\000s\000-\000\040\000u\000n\000d\000\040\000S\000y\000m\000b\000o\000l\000v\000e\000r\000z\000e\000i\000c\000h\000n\000i\000s}{}% 1
\BOOKMARK [0][-]{part.2}{\376\377\000I\000I\000\040\000E\000i\000n\000l\000e\000i\000t\000u\000n\000g}{}% 2
\BOOKMARK [0][-]{part.3}{\376\377\000I\000I\000I\000\040\000L\000i\000t\000e\000r\000a\000t\000u\000r\000r\000e\000c\000h\000e\000r\000c\000h\000e}{}% 3
\BOOKMARK [1][-]{section.1}{\376\377\000A\000n\000a\000l\000y\000s\000e\000m\000e\000t\000h\000o\000d\000e\000n\000\040\000i\000n\000\040\000d\000e\000r\000\040\000B\000a\000t\000t\000e\000r\000i\000e\000v\000e\000r\000f\000a\000h\000r\000e\000n\000s\000t\000e\000c\000h\000n\000i\000k}{part.3}% 4
\BOOKMARK [2][-]{subsection.1.1}{\376\377\000X\000P\000S\000\040\000m\000e\000t\000h\000o\000d\000e\000\040\000b\000e\000i\000\040\000d\000e\000r\000\040\000U\000n\000t\000e\000r\000s\000u\000c\000h\000u\000n\000g\000\040\000d\000e\000s\000\040\000K\000a\000t\000h\000o\000d\000e\000n\000m\000a\000t\000e\000r\000i\000a\000l\000s\000\040\000L\000i\000C\000o\000O\0002}{section.1}% 5
\BOOKMARK [3][-]{subsubsection.1.1.1}{\376\377\000X\000P\000S\000\040\000M\000e\000t\000h\000o\000d\000e}{subsection.1.1}% 6
\BOOKMARK [3][-]{subsubsection.1.1.2}{\376\377\000C\000h\000a\000r\000a\000k\000t\000e\000r\000i\000s\000i\000e\000r\000u\000n\000g}{subsection.1.1}% 7
\BOOKMARK [3][-]{subsubsection.1.1.3}{\376\377\000E\000r\000g\000e\000b\000n\000i\000s\000s}{subsection.1.1}% 8
\BOOKMARK [2][-]{subsection.1.2}{\376\377\000M\000o\000d\000e\000l\000l\000p\000a\000r\000a\000m\000e\000t\000r\000i\000e\000r\000u\000n\000g\000\040\000d\000u\000r\000c\000h\000\040\000E\000I\000S}{section.1}% 9
\BOOKMARK [3][-]{subsubsection.1.2.1}{\376\377\000E\000I\000S\000\040\000M\000e\000t\000h\000o\000d\000e}{subsection.1.2}% 10
\BOOKMARK [3][-]{subsubsection.1.2.2}{\376\377\000E\000i\000n\000f\000a\000c\000h\000e\000s\000\040\000E\000r\000s\000a\000t\000z\000s\000c\000h\000a\000l\000t\000b\000i\000l\000d\000m\000o\000d\000e\000l\000l}{subsection.1.2}% 11
\BOOKMARK [3][-]{subsubsection.1.2.3}{\376\377\000M\000o\000d\000e\000l\000l\000p\000a\000r\000a\000m\000e\000t\000i\000e\000r\000u\000n\000g}{subsection.1.2}% 12
\BOOKMARK [1][-]{section.2}{\376\377\000E\000i\000n\000f\000l\000u\000s\000s\000\040\000d\000e\000r\000\040\000T\000r\000o\000c\000k\000n\000u\000n\000g\000\040\000d\000e\000r\000\040\000l\000\366\000s\000u\000n\000g\000s\000m\000e\000t\000t\000e\000l\000h\000a\000l\000t\000i\000g\000e\000n\000\040\000B\000e\000s\000c\000h\000i\000c\000h\000t\000u\000n\000g}{part.3}% 13
\BOOKMARK [2][-]{subsection.2.1}{\376\377\000T\000e\000m\000p\000e\000r\000a\000t\000u\000r}{section.2}% 14
\BOOKMARK [2][-]{subsection.2.2}{\376\377\000M\000a\000s\000s\000e\000b\000e\000l\000a\000d\000u\000n\000g}{section.2}% 15
\BOOKMARK [2][-]{subsection.2.3}{\376\377\000D\000\374\000s\000e\000n\000g\000e\000s\000c\000h\000w\000i\000n\000d\000i\000g\000k\000e\000i\000t\000\040\000/\000\040\000L\000u\000f\000t\000s\000t\000r\000o\000m}{section.2}% 16
\BOOKMARK [2][-]{subsection.2.4}{\376\377\000T\000r\000o\000c\000k\000n\000u\000n\000g\000s\000g\000r\000a\000d}{section.2}% 17
\BOOKMARK [0][-]{part.4}{\376\377\000I\000V\000\040\000M\000a\000t\000e\000r\000i\000a\000l\000\040\000u\000n\000d\000\040\000M\000e\000t\000h\000o\000d\000e\000n}{}% 18
\BOOKMARK [1][-]{section.3}{\376\377\000V\000e\000r\000s\000u\000c\000h\000s\000m\000a\000t\000e\000r\000i\000a\000l}{part.4}% 19
\BOOKMARK [1][-]{section.4}{\376\377\000V\000e\000r\000s\000u\000c\000h\000s\000s\000c\000h\000r\000i\000t\000t\000e}{part.4}% 20
\BOOKMARK [0][-]{part.5}{\376\377\000V\000\040\000A\000u\000s\000w\000e\000r\000t\000u\000n\000g\000\040\000d\000e\000r\000\040\000L\000a\000b\000o\000r\000v\000e\000r\000s\000u\000c\000h\000e}{}% 21
\BOOKMARK [1][-]{section.5}{\376\377\000R\000o\000h\000d\000a\000t\000e\000n}{part.5}% 22
\BOOKMARK [1][-]{section.6}{\376\377\000D\000a\000t\000e\000n\000v\000e\000r\000a\000t\000b\000e\000i\000t\000u\000n\000g}{part.5}% 23
\BOOKMARK [2][-]{subsection.6.1}{\376\377\000F\000l\000\344\000c\000h\000e\000n\000g\000e\000w\000i\000c\000h\000t}{section.6}% 24
\BOOKMARK [2][-]{subsection.6.2}{\376\377\000B\000e\000s\000c\000h\000i\000c\000h\000t\000u\000n\000g\000s\000d\000i\000c\000k\000e}{section.6}% 25
\BOOKMARK [2][-]{subsection.6.3}{\376\377\000H\000a\000f\000t\000f\000e\000s\000t\000i\000g\000k\000e\000i\000t}{section.6}% 26
\BOOKMARK [1][-]{section.7}{\376\377\000E\000r\000g\000e\000b\000n\000i\000s\000s\000e\000\040\000u\000n\000d\000\040\000D\000i\000s\000k\000u\000s\000s\000i\000o\000n}{part.5}% 27
\BOOKMARK [2][-]{subsection.7.1}{\376\377\000F\000l\000\344\000c\000h\000e\000n\000g\000e\000w\000i\000c\000h\000t}{section.7}% 28
\BOOKMARK [2][-]{subsection.7.2}{\376\377\000B\000e\000s\000c\000h\000i\000c\000h\000t\000u\000n\000g\000s\000d\000i\000c\000k\000e}{section.7}% 29
\BOOKMARK [2][-]{subsection.7.3}{\376\377\000H\000a\000f\000t\000f\000e\000s\000t\000i\000g\000k\000e\000i\000t}{section.7}% 30
\BOOKMARK [0][-]{part.6}{\376\377\000V\000I\000\040\000Z\000u\000s\000a\000m\000m\000e\000n\000f\000a\000s\000s\000u\000n\000g}{}% 31
\BOOKMARK [0][-]{part.7}{\376\377\000V\000I\000I\000\040\000L\000i\000t\000e\000r\000a\000t\000u\000r\000v\000e\000r\000z\000e\000i\000c\000h\000n\000i\000s}{}% 32
\BOOKMARK [0][-]{part.8}{\376\377\000V\000I\000I\000I\000\040\000A\000n\000h\000a\000n\000g}{}% 33
\BOOKMARK [1][-]{section.8}{\376\377\000Q\000u\000e\000l\000l\000t\000e\000x\000t\000e\000n}{part.8}% 34
\BOOKMARK [2][-]{subsection.8.1}{\376\377\000T\000e\000i\000l\000\040\000F\000l\000\344\000c\000h\000e\000n\000g\000e\000w\000i\000c\000h\000t}{section.8}% 35
\BOOKMARK [2][-]{subsection.8.2}{\376\377\000T\000e\000i\000l\000\040\000B\000e\000s\000c\000h\000i\000c\000h\000t\000u\000n\000g\000s\000d\000i\000c\000k\000e}{section.8}% 36
\BOOKMARK [2][-]{subsection.8.3}{\376\377\000T\000e\000i\000l\000\040\000H\000a\000f\000t\000f\000e\000s\000t\000i\000g\000k\000e\000i\000t}{section.8}% 37
